#! /c/Source/iverilog-install/bin/vvp
:ivl_version "12.0 (devel)" "(s20150603-1539-g2693dd32b)";
:ivl_delay_selection "TYPICAL";
:vpi_time_precision + 0;
:vpi_module "C:\iverilog\lib\ivl\system.vpi";
:vpi_module "C:\iverilog\lib\ivl\vhdl_sys.vpi";
:vpi_module "C:\iverilog\lib\ivl\vhdl_textio.vpi";
:vpi_module "C:\iverilog\lib\ivl\v2005_math.vpi";
:vpi_module "C:\iverilog\lib\ivl\va_math.vpi";
S_0000025a120925e0 .scope module, "axi_stream_insert_header" "axi_stream_insert_header" 2 13;
 .timescale 0 0;
    .port_info 0 /INPUT 1 "clk";
    .port_info 1 /INPUT 1 "rst_n";
    .port_info 2 /INPUT 1 "valid_in";
    .port_info 3 /INPUT 32 "data_in";
    .port_info 4 /INPUT 4 "keep_in";
    .port_info 5 /INPUT 1 "last_in";
    .port_info 6 /OUTPUT 1 "ready_in";
    .port_info 7 /OUTPUT 1 "valid_out";
    .port_info 8 /OUTPUT 32 "data_out";
    .port_info 9 /OUTPUT 4 "keep_out";
    .port_info 10 /OUTPUT 1 "last_out";
    .port_info 11 /INPUT 1 "ready_out";
    .port_info 12 /INPUT 1 "valid_insert";
    .port_info 13 /INPUT 32 "data_insert";
    .port_info 14 /INPUT 4 "keep_insert";
    .port_info 15 /INPUT 2 "byte_insert_cnt";
    .port_info 16 /OUTPUT 1 "ready_insert";
P_0000025a12092a60 .param/l "BYTE_CNT_WD" 0 2 16, +C4<00000000000000000000000000000010>;
P_0000025a12092a98 .param/l "DATA_BYTE_WD" 0 2 15, +C4<00000000000000000000000000000100>;
P_0000025a12092ad0 .param/l "DATA_WD" 0 2 14, +C4<00000000000000000000000000100000>;
v0000025a12092770_0 .var "I_reg", 63 0;
o0000025a120d5fd8 .functor BUFZ 2, C4<zz>; HiZ drive
v0000025a12092810_0 .net "byte_insert_cnt", 1 0, o0000025a120d5fd8;  0 drivers
o0000025a120d6008 .functor BUFZ 1, C4<z>; HiZ drive
v0000025a120928b0_0 .net "clk", 0 0, o0000025a120d6008;  0 drivers
o0000025a120d6038 .functor BUFZ 32, C4<zzzzzzzzzzzzzzzzzzzzzzzzzzzzzzzz>; HiZ drive
v0000025a120c4c70_0 .net "data_in", 31 0, o0000025a120d6038;  0 drivers
o0000025a120d6068 .functor BUFZ 32, C4<zzzzzzzzzzzzzzzzzzzzzzzzzzzzzzzz>; HiZ drive
v0000025a120c5120_0 .net "data_insert", 31 0, o0000025a120d6068;  0 drivers
v0000025a120c51c0_0 .var "data_keep", 3 0;
v0000025a120c5260_0 .var "data_out", 31 0;
v0000025a120c5300_0 .var "header_keep", 3 0;
o0000025a120d6128 .functor BUFZ 4, C4<zzzz>; HiZ drive
v0000025a120c53a0_0 .net "keep_in", 3 0, o0000025a120d6128;  0 drivers
o0000025a120d6158 .functor BUFZ 4, C4<zzzz>; HiZ drive
v0000025a120c5440_0 .net "keep_insert", 3 0, o0000025a120d6158;  0 drivers
v0000025a120c54e0_0 .var "keep_out", 3 0;
o0000025a120d61b8 .functor BUFZ 1, C4<z>; HiZ drive
v0000025a12127030_0 .net "last_in", 0 0, o0000025a120d61b8;  0 drivers
v0000025a121270d0_0 .var "last_out", 0 0;
v0000025a12127170_0 .var "out_state", 0 0;
v0000025a12127c60_0 .var "ready_in", 0 0;
v0000025a12127e40_0 .var "ready_insert", 0 0;
o0000025a120d62a8 .functor BUFZ 1, C4<z>; HiZ drive
v0000025a12127b20_0 .net "ready_out", 0 0, o0000025a120d62a8;  0 drivers
o0000025a120d62d8 .functor BUFZ 1, C4<z>; HiZ drive
v0000025a12127da0_0 .net "rst_n", 0 0, o0000025a120d62d8;  0 drivers
v0000025a12127940_0 .var "tag", 0 0;
o0000025a120d6338 .functor BUFZ 1, C4<z>; HiZ drive
v0000025a12128160_0 .net "valid_in", 0 0, o0000025a120d6338;  0 drivers
o0000025a120d6368 .functor BUFZ 1, C4<z>; HiZ drive
v0000025a121279e0_0 .net "valid_insert", 0 0, o0000025a120d6368;  0 drivers
v0000025a12127d00_0 .var "valid_out", 0 0;
E_0000025a120bce90/0 .event anyedge, v0000025a12127170_0, v0000025a12127940_0, v0000025a120c5440_0, v0000025a12092770_0;
E_0000025a120bce90/1 .event anyedge, v0000025a121270d0_0, v0000025a120c53a0_0, v0000025a12092810_0;
E_0000025a120bce90 .event/or E_0000025a120bce90/0, E_0000025a120bce90/1;
E_0000025a120bc710/0 .event negedge, v0000025a12127da0_0;
E_0000025a120bc710/1 .event posedge, v0000025a120928b0_0;
E_0000025a120bc710 .event/or E_0000025a120bc710/0, E_0000025a120bc710/1;
    .scope S_0000025a120925e0;
T_0 ;
    %wait E_0000025a120bc710;
    %load/vec4 v0000025a12127da0_0;
    %nor/r;
    %flag_set/vec4 8;
    %jmp/0xz  T_0.0, 8;
    %pushi/vec4 0, 0, 1;
    %assign/vec4 v0000025a12127e40_0, 0;
    %pushi/vec4 0, 0, 64;
    %assign/vec4 v0000025a12092770_0, 0;
    %pushi/vec4 0, 0, 4;
    %assign/vec4 v0000025a120c51c0_0, 0;
    %pushi/vec4 0, 0, 4;
    %assign/vec4 v0000025a120c5300_0, 0;
    %pushi/vec4 0, 0, 1;
    %assign/vec4 v0000025a12127940_0, 0;
    %pushi/vec4 0, 0, 1;
    %assign/vec4 v0000025a121270d0_0, 0;
    %pushi/vec4 0, 0, 1;
    %assign/vec4 v0000025a12127d00_0, 0;
    %pushi/vec4 0, 0, 1;
    %assign/vec4 v0000025a12127170_0, 0;
    %jmp T_0.1;
T_0.0 ;
    %load/vec4 v0000025a12127e40_0;
    %flag_set/vec4 8;
    %jmp/0xz  T_0.2, 8;
    %pushi/vec4 0, 0, 1;
    %assign/vec4 v0000025a12127e40_0, 0;
    %load/vec4 v0000025a120c5120_0;
    %ix/load 4, 32, 0;
    %ix/load 5, 0, 0;
    %flag_set/imm 4, 0;
    %assign/vec4/off/d v0000025a12092770_0, 4, 5;
    %jmp T_0.3;
T_0.2 ;
    %load/vec4 v0000025a12127e40_0;
    %flag_set/vec4 8;
    %flag_get/vec4 8;
    %jmp/1 T_0.4, 8;
    %load/vec4 v0000025a121279e0_0;
    %or;
T_0.4;
    %assign/vec4 v0000025a12127e40_0, 0;
T_0.3 ;
    %load/vec4 v0000025a12127c60_0;
    %flag_set/vec4 8;
    %jmp/0xz  T_0.5, 8;
    %pushi/vec4 0, 0, 1;
    %assign/vec4 v0000025a12127c60_0, 0;
    %jmp T_0.6;
T_0.5 ;
    %load/vec4 v0000025a12127c60_0;
    %flag_set/vec4 8;
    %flag_get/vec4 8;
    %jmp/1 T_0.7, 8;
    %load/vec4 v0000025a12128160_0;
    %or;
T_0.7;
    %assign/vec4 v0000025a12127c60_0, 0;
T_0.6 ;
    %load/vec4 v0000025a12127c60_0;
    %flag_set/vec4 8;
    %jmp/0xz  T_0.8, 8;
    %pushi/vec4 1, 0, 1;
    %assign/vec4 v0000025a12127940_0, 0;
    %jmp T_0.9;
T_0.8 ;
    %load/vec4 v0000025a12127940_0;
    %nor/r;
    %assign/vec4 v0000025a12127940_0, 0;
T_0.9 ;
    %load/vec4 v0000025a12127940_0;
    %flag_set/vec4 8;
    %jmp/0xz  T_0.10, 8;
    %load/vec4 v0000025a120c4c70_0;
    %ix/load 4, 32, 0;
    %ix/load 5, 0, 0;
    %flag_set/imm 4, 0;
    %assign/vec4/off/d v0000025a12092770_0, 4, 5;
    %jmp T_0.11;
T_0.10 ;
    %load/vec4 v0000025a120c4c70_0;
    %ix/load 4, 0, 0;
    %ix/load 5, 0, 0;
    %flag_set/imm 4, 0;
    %assign/vec4/off/d v0000025a12092770_0, 4, 5;
T_0.11 ;
    %load/vec4 v0000025a12127030_0;
    %assign/vec4 v0000025a121270d0_0, 0;
    %load/vec4 v0000025a12128160_0;
    %assign/vec4 v0000025a12127d00_0, 0;
    %load/vec4 v0000025a12127b20_0;
    %flag_set/vec4 8;
    %jmp/0xz  T_0.12, 8;
    %pushi/vec4 1, 0, 1;
    %assign/vec4 v0000025a12127170_0, 0;
    %jmp T_0.13;
T_0.12 ;
    %load/vec4 v0000025a12127170_0;
    %assign/vec4 v0000025a12127170_0, 0;
T_0.13 ;
T_0.1 ;
    %jmp T_0;
    .thread T_0;
    .scope S_0000025a120925e0;
T_1 ;
    %wait E_0000025a120bce90;
    %load/vec4 v0000025a12127170_0;
    %flag_set/vec4 8;
    %jmp/0xz  T_1.0, 8;
    %load/vec4 v0000025a12127940_0;
    %nor/r;
    %flag_set/vec4 8;
    %jmp/0xz  T_1.2, 8;
    %load/vec4 v0000025a120c5440_0;
    %cmpi/e 15, 0, 4;
    %jmp/0xz  T_1.4, 4;
    %load/vec4 v0000025a12092770_0;
    %parti/s 32, 32, 7;
    %store/vec4 v0000025a120c5260_0, 0, 32;
    %jmp T_1.5;
T_1.4 ;
    %load/vec4 v0000025a120c5440_0;
    %cmpi/e 7, 0, 4;
    %jmp/0xz  T_1.6, 4;
    %load/vec4 v0000025a12092770_0;
    %parti/s 32, 24, 6;
    %store/vec4 v0000025a120c5260_0, 0, 32;
    %jmp T_1.7;
T_1.6 ;
    %load/vec4 v0000025a120c5440_0;
    %cmpi/e 3, 0, 4;
    %jmp/0xz  T_1.8, 4;
    %load/vec4 v0000025a12092770_0;
    %parti/s 32, 16, 6;
    %store/vec4 v0000025a120c5260_0, 0, 32;
    %jmp T_1.9;
T_1.8 ;
    %load/vec4 v0000025a120c5440_0;
    %cmpi/e 1, 0, 4;
    %jmp/0xz  T_1.10, 4;
    %load/vec4 v0000025a12092770_0;
    %parti/s 32, 8, 5;
    %store/vec4 v0000025a120c5260_0, 0, 32;
T_1.10 ;
T_1.9 ;
T_1.7 ;
T_1.5 ;
    %jmp T_1.3;
T_1.2 ;
    %load/vec4 v0000025a120c5440_0;
    %cmpi/e 15, 0, 4;
    %jmp/0xz  T_1.12, 4;
    %load/vec4 v0000025a12092770_0;
    %parti/s 32, 0, 2;
    %store/vec4 v0000025a120c5260_0, 0, 32;
    %jmp T_1.13;
T_1.12 ;
    %load/vec4 v0000025a120c5440_0;
    %cmpi/e 7, 0, 4;
    %jmp/0xz  T_1.14, 4;
    %load/vec4 v0000025a12092770_0;
    %parti/s 24, 0, 2;
    %load/vec4 v0000025a12092770_0;
    %parti/s 8, 56, 7;
    %concat/vec4; draw_concat_vec4
    %store/vec4 v0000025a120c5260_0, 0, 32;
    %jmp T_1.15;
T_1.14 ;
    %load/vec4 v0000025a120c5440_0;
    %cmpi/e 3, 0, 4;
    %jmp/0xz  T_1.16, 4;
    %load/vec4 v0000025a12092770_0;
    %parti/s 16, 0, 2;
    %load/vec4 v0000025a12092770_0;
    %parti/s 16, 48, 7;
    %concat/vec4; draw_concat_vec4
    %store/vec4 v0000025a120c5260_0, 0, 32;
    %jmp T_1.17;
T_1.16 ;
    %load/vec4 v0000025a120c5440_0;
    %cmpi/e 1, 0, 4;
    %jmp/0xz  T_1.18, 4;
    %load/vec4 v0000025a12092770_0;
    %parti/s 8, 0, 2;
    %load/vec4 v0000025a12092770_0;
    %parti/s 24, 40, 7;
    %concat/vec4; draw_concat_vec4
    %store/vec4 v0000025a120c5260_0, 0, 32;
T_1.18 ;
T_1.17 ;
T_1.15 ;
T_1.13 ;
T_1.3 ;
    %jmp T_1.1;
T_1.0 ;
    %pushi/vec4 0, 4294967295, 32;
    %store/vec4 v0000025a120c5260_0, 0, 32;
T_1.1 ;
    %load/vec4 v0000025a121270d0_0;
    %flag_set/vec4 8;
    %jmp/0xz  T_1.20, 8;
    %load/vec4 v0000025a120c53a0_0;
    %cmpi/e 14, 0, 4;
    %jmp/0xz  T_1.22, 4;
    %pushi/vec4 15, 0, 4;
    %store/vec4 v0000025a120c54e0_0, 0, 4;
    %jmp T_1.23;
T_1.22 ;
    %load/vec4 v0000025a120c53a0_0;
    %cmpi/e 12, 0, 4;
    %jmp/0xz  T_1.24, 4;
    %load/vec4 v0000025a12092810_0;
    %pad/u 32;
    %cmpi/e 1, 0, 32;
    %jmp/0xz  T_1.26, 4;
    %pushi/vec4 14, 0, 4;
    %store/vec4 v0000025a120c54e0_0, 0, 4;
    %jmp T_1.27;
T_1.26 ;
    %pushi/vec4 15, 0, 4;
    %store/vec4 v0000025a120c54e0_0, 0, 4;
T_1.27 ;
    %jmp T_1.25;
T_1.24 ;
    %load/vec4 v0000025a120c53a0_0;
    %cmpi/e 8, 0, 4;
    %jmp/0xz  T_1.28, 4;
    %load/vec4 v0000025a12092810_0;
    %pad/u 32;
    %cmpi/e 1, 0, 32;
    %jmp/0xz  T_1.30, 4;
    %pushi/vec4 12, 0, 4;
    %store/vec4 v0000025a120c54e0_0, 0, 4;
    %jmp T_1.31;
T_1.30 ;
    %load/vec4 v0000025a12092810_0;
    %pad/u 32;
    %cmpi/e 2, 0, 32;
    %jmp/0xz  T_1.32, 4;
    %pushi/vec4 14, 0, 4;
    %store/vec4 v0000025a120c54e0_0, 0, 4;
    %jmp T_1.33;
T_1.32 ;
    %pushi/vec4 15, 0, 4;
    %store/vec4 v0000025a120c54e0_0, 0, 4;
T_1.33 ;
T_1.31 ;
    %jmp T_1.29;
T_1.28 ;
    %pushi/vec4 0, 15, 4;
    %store/vec4 v0000025a120c54e0_0, 0, 4;
T_1.29 ;
T_1.25 ;
T_1.23 ;
    %jmp T_1.21;
T_1.20 ;
    %pushi/vec4 0, 15, 4;
    %store/vec4 v0000025a120c54e0_0, 0, 4;
T_1.21 ;
    %jmp T_1;
    .thread T_1, $push;
# The file index is used to find the file name in the following table.
:file_names 3;
    "N/A";
    "<interactive>";
    "axi.v";
