#! /c/Source/iverilog-install/bin/vvp
:ivl_version "12.0 (devel)" "(s20150603-1539-g2693dd32b)";
:ivl_delay_selection "TYPICAL";
:vpi_time_precision - 12;
:vpi_module "C:\iverilog\lib\ivl\system.vpi";
:vpi_module "C:\iverilog\lib\ivl\vhdl_sys.vpi";
:vpi_module "C:\iverilog\lib\ivl\vhdl_textio.vpi";
:vpi_module "C:\iverilog\lib\ivl\v2005_math.vpi";
:vpi_module "C:\iverilog\lib\ivl\va_math.vpi";
S_000001efe42c5f70 .scope module, "tb" "tb" 2 5;
 .timescale -12 -12;
P_000001efe4282aa0 .param/l "BYTE_CNT_WD" 0 2 8, +C4<00000000000000000000000000000010>;
P_000001efe4282ad8 .param/l "DATA_BYTE_WD" 0 2 7, +C4<00000000000000000000000000000100>;
P_000001efe4282b10 .param/l "DATA_WD" 0 2 6, +C4<00000000000000000000000000100000>;
v000001efe4329450_0 .var "byte_insert_cnt", 1 0;
v000001efe43298b0_0 .var "clk", 0 0;
v000001efe4329950_0 .var "data_in", 31 0;
v000001efe4329d10_0 .var "data_insert", 31 0;
v000001efe43299f0_0 .net "data_out", 31 0, v000001efe42b4bb0_0;  1 drivers
v000001efe4329e50_0 .var "keep_in", 3 0;
v000001efe4329bd0_0 .var "keep_insert", 3 0;
v000001efe4329db0_0 .net "keep_out", 3 0, v000001efe42b4e30_0;  1 drivers
v000001efe43293b0_0 .var "last_in", 0 0;
v000001efe4329ef0_0 .net "last_out", 0 0, v000001efe42b4f70_0;  1 drivers
v000001efe4329f90_0 .net "ready_in", 0 0, v000001efe4329630_0;  1 drivers
v000001efe4329090_0 .net "ready_insert", 0 0, v000001efe43294f0_0;  1 drivers
v000001efe4329130_0 .var "ready_out", 0 0;
v000001efe43291d0_0 .var "rst_n", 0 0;
v000001efe4329270_0 .var "valid_in", 0 0;
v000001efe4329310_0 .var "valid_insert", 0 0;
v000001efe432b0d0_0 .net "valid_out", 0 0, v000001efe4329c70_0;  1 drivers
E_000001efe42a74d0 .event anyedge, v000001efe4282700_0;
S_000001efe42c6100 .scope module, "axi0" "axi_stream_insert_header" 2 57, 3 12 0, S_000001efe42c5f70;
 .timescale -12 -12;
    .port_info 0 /INPUT 1 "clk";
    .port_info 1 /INPUT 1 "rst_n";
    .port_info 2 /INPUT 1 "valid_in";
    .port_info 3 /INPUT 32 "data_in";
    .port_info 4 /INPUT 4 "keep_in";
    .port_info 5 /INPUT 1 "last_in";
    .port_info 6 /OUTPUT 1 "ready_in";
    .port_info 7 /OUTPUT 1 "valid_out";
    .port_info 8 /OUTPUT 32 "data_out";
    .port_info 9 /OUTPUT 4 "keep_out";
    .port_info 10 /OUTPUT 1 "last_out";
    .port_info 11 /INPUT 1 "ready_out";
    .port_info 12 /INPUT 1 "valid_insert";
    .port_info 13 /INPUT 32 "data_insert";
    .port_info 14 /INPUT 4 "keep_insert";
    .port_info 15 /INPUT 2 "byte_insert_cnt";
    .port_info 16 /OUTPUT 1 "ready_insert";
P_000001efe4282510 .param/l "BYTE_CNT_WD" 0 3 15, +C4<00000000000000000000000000000010>;
P_000001efe4282548 .param/l "DATA_BYTE_WD" 0 3 14, +C4<00000000000000000000000000000100>;
P_000001efe4282580 .param/l "DATA_WD" 0 3 13, +C4<00000000000000000000000000100000>;
v000001efe42825c0_0 .var "I_reg", 63 0;
v000001efe4282660_0 .net "byte_insert_cnt", 1 0, v000001efe4329450_0;  1 drivers
v000001efe4282700_0 .net "clk", 0 0, v000001efe43298b0_0;  1 drivers
v000001efe42827a0_0 .net "data_in", 31 0, v000001efe4329950_0;  1 drivers
v000001efe4282840_0 .net "data_insert", 31 0, v000001efe4329d10_0;  1 drivers
v000001efe42828e0_0 .var "data_keep", 3 0;
v000001efe42b4bb0_0 .var "data_out", 31 0;
v000001efe42b4c50_0 .var "header_keep", 3 0;
v000001efe42b4cf0_0 .net "keep_in", 3 0, v000001efe4329e50_0;  1 drivers
v000001efe42b4d90_0 .net "keep_insert", 3 0, v000001efe4329bd0_0;  1 drivers
v000001efe42b4e30_0 .var "keep_out", 3 0;
v000001efe42b4ed0_0 .net "last_in", 0 0, v000001efe43293b0_0;  1 drivers
v000001efe42b4f70_0 .var "last_out", 0 0;
v000001efe43296d0_0 .var "out_state", 0 0;
v000001efe4329630_0 .var "ready_in", 0 0;
v000001efe43294f0_0 .var "ready_insert", 0 0;
v000001efe4329a90_0 .net "ready_out", 0 0, v000001efe4329130_0;  1 drivers
v000001efe4329b30_0 .net "rst_n", 0 0, v000001efe43291d0_0;  1 drivers
v000001efe4329590_0 .var "tag", 0 0;
v000001efe4329770_0 .net "valid_in", 0 0, v000001efe4329270_0;  1 drivers
v000001efe4329810_0 .net "valid_insert", 0 0, v000001efe4329310_0;  1 drivers
v000001efe4329c70_0 .var "valid_out", 0 0;
E_000001efe42a70d0/0 .event anyedge, v000001efe43296d0_0, v000001efe4329590_0, v000001efe42b4d90_0, v000001efe42825c0_0;
E_000001efe42a70d0/1 .event anyedge, v000001efe42b4f70_0, v000001efe42b4cf0_0, v000001efe4282660_0;
E_000001efe42a70d0 .event/or E_000001efe42a70d0/0, E_000001efe42a70d0/1;
E_000001efe42a6890/0 .event negedge, v000001efe4329b30_0;
E_000001efe42a6890/1 .event posedge, v000001efe4282700_0;
E_000001efe42a6890 .event/or E_000001efe42a6890/0, E_000001efe42a6890/1;
    .scope S_000001efe42c6100;
T_0 ;
    %wait E_000001efe42a6890;
    %load/vec4 v000001efe4329b30_0;
    %nor/r;
    %flag_set/vec4 8;
    %jmp/0xz  T_0.0, 8;
    %pushi/vec4 0, 0, 1;
    %assign/vec4 v000001efe43294f0_0, 0;
    %pushi/vec4 0, 0, 64;
    %assign/vec4 v000001efe42825c0_0, 0;
    %pushi/vec4 0, 0, 4;
    %assign/vec4 v000001efe42828e0_0, 0;
    %pushi/vec4 0, 0, 4;
    %assign/vec4 v000001efe42b4c50_0, 0;
    %pushi/vec4 0, 0, 1;
    %assign/vec4 v000001efe4329590_0, 0;
    %pushi/vec4 0, 0, 1;
    %assign/vec4 v000001efe42b4f70_0, 0;
    %pushi/vec4 0, 0, 1;
    %assign/vec4 v000001efe4329c70_0, 0;
    %pushi/vec4 0, 0, 1;
    %assign/vec4 v000001efe43296d0_0, 0;
    %jmp T_0.1;
T_0.0 ;
    %load/vec4 v000001efe43294f0_0;
    %flag_set/vec4 8;
    %jmp/0xz  T_0.2, 8;
    %pushi/vec4 0, 0, 1;
    %assign/vec4 v000001efe43294f0_0, 0;
    %load/vec4 v000001efe4282840_0;
    %ix/load 4, 32, 0;
    %ix/load 5, 0, 0;
    %flag_set/imm 4, 0;
    %assign/vec4/off/d v000001efe42825c0_0, 4, 5;
    %jmp T_0.3;
T_0.2 ;
    %load/vec4 v000001efe43294f0_0;
    %flag_set/vec4 8;
    %flag_get/vec4 8;
    %jmp/1 T_0.4, 8;
    %load/vec4 v000001efe4329810_0;
    %or;
T_0.4;
    %assign/vec4 v000001efe43294f0_0, 0;
T_0.3 ;
    %load/vec4 v000001efe4329630_0;
    %flag_set/vec4 8;
    %jmp/0xz  T_0.5, 8;
    %pushi/vec4 0, 0, 1;
    %assign/vec4 v000001efe4329630_0, 0;
    %jmp T_0.6;
T_0.5 ;
    %load/vec4 v000001efe4329630_0;
    %flag_set/vec4 8;
    %flag_get/vec4 8;
    %jmp/1 T_0.7, 8;
    %load/vec4 v000001efe4329770_0;
    %or;
T_0.7;
    %assign/vec4 v000001efe4329630_0, 0;
T_0.6 ;
    %load/vec4 v000001efe4329630_0;
    %flag_set/vec4 8;
    %jmp/0xz  T_0.8, 8;
    %pushi/vec4 1, 0, 1;
    %assign/vec4 v000001efe4329590_0, 0;
    %jmp T_0.9;
T_0.8 ;
    %load/vec4 v000001efe4329590_0;
    %nor/r;
    %assign/vec4 v000001efe4329590_0, 0;
T_0.9 ;
    %load/vec4 v000001efe4329590_0;
    %flag_set/vec4 8;
    %jmp/0xz  T_0.10, 8;
    %load/vec4 v000001efe42827a0_0;
    %ix/load 4, 32, 0;
    %ix/load 5, 0, 0;
    %flag_set/imm 4, 0;
    %assign/vec4/off/d v000001efe42825c0_0, 4, 5;
    %jmp T_0.11;
T_0.10 ;
    %load/vec4 v000001efe42827a0_0;
    %ix/load 4, 0, 0;
    %ix/load 5, 0, 0;
    %flag_set/imm 4, 0;
    %assign/vec4/off/d v000001efe42825c0_0, 4, 5;
T_0.11 ;
    %load/vec4 v000001efe42b4ed0_0;
    %assign/vec4 v000001efe42b4f70_0, 0;
    %load/vec4 v000001efe4329770_0;
    %assign/vec4 v000001efe4329c70_0, 0;
    %load/vec4 v000001efe4329a90_0;
    %flag_set/vec4 8;
    %jmp/0xz  T_0.12, 8;
    %pushi/vec4 1, 0, 1;
    %assign/vec4 v000001efe43296d0_0, 0;
    %jmp T_0.13;
T_0.12 ;
    %load/vec4 v000001efe43296d0_0;
    %assign/vec4 v000001efe43296d0_0, 0;
T_0.13 ;
T_0.1 ;
    %jmp T_0;
    .thread T_0;
    .scope S_000001efe42c6100;
T_1 ;
    %wait E_000001efe42a70d0;
    %load/vec4 v000001efe43296d0_0;
    %flag_set/vec4 8;
    %jmp/0xz  T_1.0, 8;
    %load/vec4 v000001efe4329590_0;
    %nor/r;
    %flag_set/vec4 8;
    %jmp/0xz  T_1.2, 8;
    %load/vec4 v000001efe42b4d90_0;
    %cmpi/e 15, 0, 4;
    %jmp/0xz  T_1.4, 4;
    %load/vec4 v000001efe42825c0_0;
    %parti/s 32, 32, 7;
    %store/vec4 v000001efe42b4bb0_0, 0, 32;
    %jmp T_1.5;
T_1.4 ;
    %load/vec4 v000001efe42b4d90_0;
    %cmpi/e 7, 0, 4;
    %jmp/0xz  T_1.6, 4;
    %load/vec4 v000001efe42825c0_0;
    %parti/s 32, 24, 6;
    %store/vec4 v000001efe42b4bb0_0, 0, 32;
    %jmp T_1.7;
T_1.6 ;
    %load/vec4 v000001efe42b4d90_0;
    %cmpi/e 3, 0, 4;
    %jmp/0xz  T_1.8, 4;
    %load/vec4 v000001efe42825c0_0;
    %parti/s 32, 16, 6;
    %store/vec4 v000001efe42b4bb0_0, 0, 32;
    %jmp T_1.9;
T_1.8 ;
    %load/vec4 v000001efe42b4d90_0;
    %cmpi/e 1, 0, 4;
    %jmp/0xz  T_1.10, 4;
    %load/vec4 v000001efe42825c0_0;
    %parti/s 32, 8, 5;
    %store/vec4 v000001efe42b4bb0_0, 0, 32;
T_1.10 ;
T_1.9 ;
T_1.7 ;
T_1.5 ;
    %jmp T_1.3;
T_1.2 ;
    %load/vec4 v000001efe42b4d90_0;
    %cmpi/e 15, 0, 4;
    %jmp/0xz  T_1.12, 4;
    %load/vec4 v000001efe42825c0_0;
    %parti/s 32, 0, 2;
    %store/vec4 v000001efe42b4bb0_0, 0, 32;
    %jmp T_1.13;
T_1.12 ;
    %load/vec4 v000001efe42b4d90_0;
    %cmpi/e 7, 0, 4;
    %jmp/0xz  T_1.14, 4;
    %load/vec4 v000001efe42825c0_0;
    %parti/s 24, 0, 2;
    %load/vec4 v000001efe42825c0_0;
    %parti/s 8, 56, 7;
    %concat/vec4; draw_concat_vec4
    %store/vec4 v000001efe42b4bb0_0, 0, 32;
    %jmp T_1.15;
T_1.14 ;
    %load/vec4 v000001efe42b4d90_0;
    %cmpi/e 3, 0, 4;
    %jmp/0xz  T_1.16, 4;
    %load/vec4 v000001efe42825c0_0;
    %parti/s 16, 0, 2;
    %load/vec4 v000001efe42825c0_0;
    %parti/s 16, 48, 7;
    %concat/vec4; draw_concat_vec4
    %store/vec4 v000001efe42b4bb0_0, 0, 32;
    %jmp T_1.17;
T_1.16 ;
    %load/vec4 v000001efe42b4d90_0;
    %cmpi/e 1, 0, 4;
    %jmp/0xz  T_1.18, 4;
    %load/vec4 v000001efe42825c0_0;
    %parti/s 8, 0, 2;
    %load/vec4 v000001efe42825c0_0;
    %parti/s 24, 40, 7;
    %concat/vec4; draw_concat_vec4
    %store/vec4 v000001efe42b4bb0_0, 0, 32;
T_1.18 ;
T_1.17 ;
T_1.15 ;
T_1.13 ;
T_1.3 ;
    %jmp T_1.1;
T_1.0 ;
    %pushi/vec4 0, 4294967295, 32;
    %store/vec4 v000001efe42b4bb0_0, 0, 32;
T_1.1 ;
    %load/vec4 v000001efe42b4f70_0;
    %flag_set/vec4 8;
    %jmp/0xz  T_1.20, 8;
    %load/vec4 v000001efe42b4cf0_0;
    %cmpi/e 14, 0, 4;
    %jmp/0xz  T_1.22, 4;
    %pushi/vec4 15, 0, 4;
    %store/vec4 v000001efe42b4e30_0, 0, 4;
    %jmp T_1.23;
T_1.22 ;
    %load/vec4 v000001efe42b4cf0_0;
    %cmpi/e 12, 0, 4;
    %jmp/0xz  T_1.24, 4;
    %load/vec4 v000001efe4282660_0;
    %pad/u 32;
    %cmpi/e 1, 0, 32;
    %jmp/0xz  T_1.26, 4;
    %pushi/vec4 14, 0, 4;
    %store/vec4 v000001efe42b4e30_0, 0, 4;
    %jmp T_1.27;
T_1.26 ;
    %pushi/vec4 15, 0, 4;
    %store/vec4 v000001efe42b4e30_0, 0, 4;
T_1.27 ;
    %jmp T_1.25;
T_1.24 ;
    %load/vec4 v000001efe42b4cf0_0;
    %cmpi/e 8, 0, 4;
    %jmp/0xz  T_1.28, 4;
    %load/vec4 v000001efe4282660_0;
    %pad/u 32;
    %cmpi/e 1, 0, 32;
    %jmp/0xz  T_1.30, 4;
    %pushi/vec4 12, 0, 4;
    %store/vec4 v000001efe42b4e30_0, 0, 4;
    %jmp T_1.31;
T_1.30 ;
    %load/vec4 v000001efe4282660_0;
    %pad/u 32;
    %cmpi/e 2, 0, 32;
    %jmp/0xz  T_1.32, 4;
    %pushi/vec4 14, 0, 4;
    %store/vec4 v000001efe42b4e30_0, 0, 4;
    %jmp T_1.33;
T_1.32 ;
    %pushi/vec4 15, 0, 4;
    %store/vec4 v000001efe42b4e30_0, 0, 4;
T_1.33 ;
T_1.31 ;
    %jmp T_1.29;
T_1.28 ;
    %pushi/vec4 0, 15, 4;
    %store/vec4 v000001efe42b4e30_0, 0, 4;
T_1.29 ;
T_1.25 ;
T_1.23 ;
    %jmp T_1.21;
T_1.20 ;
    %pushi/vec4 0, 15, 4;
    %store/vec4 v000001efe42b4e30_0, 0, 4;
T_1.21 ;
    %jmp T_1;
    .thread T_1, $push;
    .scope S_000001efe42c5f70;
T_2 ;
    %pushi/vec4 0, 0, 1;
    %store/vec4 v000001efe43298b0_0, 0, 1;
    %end;
    .thread T_2;
    .scope S_000001efe42c5f70;
T_3 ;
    %wait E_000001efe42a74d0;
    %delay 5, 0;
    %load/vec4 v000001efe43298b0_0;
    %inv;
    %store/vec4 v000001efe43298b0_0, 0, 1;
    %jmp T_3;
    .thread T_3, $push;
    .scope S_000001efe42c5f70;
T_4 ;
    %delay 4, 0;
    %pushi/vec4 0, 0, 1;
    %store/vec4 v000001efe43291d0_0, 0, 1;
    %delay 10, 0;
    %pushi/vec4 1, 0, 1;
    %store/vec4 v000001efe43291d0_0, 0, 1;
    %delay 10, 0;
    %pushi/vec4 1, 0, 1;
    %store/vec4 v000001efe4329310_0, 0, 1;
    %pushi/vec4 64209, 0, 32;
    %store/vec4 v000001efe4329d10_0, 0, 32;
    %pushi/vec4 7, 0, 4;
    %store/vec4 v000001efe4329bd0_0, 0, 4;
    %pushi/vec4 3, 0, 2;
    %store/vec4 v000001efe4329450_0, 0, 2;
    %delay 12, 0;
    %pushi/vec4 0, 0, 1;
    %store/vec4 v000001efe4329310_0, 0, 1;
    %end;
    .thread T_4;
    .scope S_000001efe42c5f70;
T_5 ;
    %delay 4, 0;
    %delay 10, 0;
    %delay 20, 0;
    %pushi/vec4 1, 0, 1;
    %store/vec4 v000001efe4329270_0, 0, 1;
    %pushi/vec4 64209, 0, 32;
    %store/vec4 v000001efe4329950_0, 0, 32;
    %pushi/vec4 15, 0, 4;
    %store/vec4 v000001efe4329e50_0, 0, 4;
    %pushi/vec4 0, 0, 1;
    %store/vec4 v000001efe43293b0_0, 0, 1;
    %delay 10, 0;
    %pushi/vec4 64209, 0, 32;
    %store/vec4 v000001efe4329950_0, 0, 32;
    %pushi/vec4 15, 0, 4;
    %store/vec4 v000001efe4329e50_0, 0, 4;
    %pushi/vec4 0, 0, 1;
    %store/vec4 v000001efe43293b0_0, 0, 1;
    %delay 2, 0;
    %pushi/vec4 0, 0, 1;
    %store/vec4 v000001efe4329270_0, 0, 1;
    %delay 10, 0;
    %pushi/vec4 64209, 0, 32;
    %store/vec4 v000001efe4329950_0, 0, 32;
    %pushi/vec4 15, 0, 4;
    %store/vec4 v000001efe4329e50_0, 0, 4;
    %pushi/vec4 0, 0, 1;
    %store/vec4 v000001efe43293b0_0, 0, 1;
    %delay 10, 0;
    %pushi/vec4 64209, 0, 32;
    %store/vec4 v000001efe4329950_0, 0, 32;
    %pushi/vec4 8, 0, 4;
    %store/vec4 v000001efe4329e50_0, 0, 4;
    %pushi/vec4 1, 0, 1;
    %store/vec4 v000001efe43293b0_0, 0, 1;
    %end;
    .thread T_5;
    .scope S_000001efe42c5f70;
T_6 ;
    %delay 4, 0;
    %delay 10, 0;
    %delay 40, 0;
    %pushi/vec4 1, 0, 1;
    %store/vec4 v000001efe4329130_0, 0, 1;
    %delay 10, 0;
    %pushi/vec4 0, 0, 1;
    %store/vec4 v000001efe4329130_0, 0, 1;
    %end;
    .thread T_6;
# The file index is used to find the file name in the following table.
:file_names 4;
    "N/A";
    "<interactive>";
    "tb.v";
    "./axi.v";
